2018-04-23 10:02:15,089 [INFO] from application in play-dev-mode-akka.actor.default-dispatcher-4 - Creating Pool for datasource 'default'
2018-04-23 10:02:15,106 [INFO] from com.zaxxer.hikari.HikariDataSource in play-dev-mode-akka.actor.default-dispatcher-4 - HikariPool-1 - Starting...
2018-04-23 10:02:15,333 [INFO] from com.zaxxer.hikari.HikariDataSource in play-dev-mode-akka.actor.default-dispatcher-4 - HikariPool-1 - Start completed.
2018-04-23 10:02:15,341 [INFO] from play.api.db.DefaultDBApi in play-dev-mode-akka.actor.default-dispatcher-4 - Database [default] connected at jdbc:mysql://localhost:3306/BLS?characterEncoding=UTF8&useSSL=false
2018-04-23 10:02:15,527 [INFO] from akka.event.slf4j.Slf4jLogger in application-akka.actor.default-dispatcher-4 - Slf4jLogger started
2018-04-23 10:02:15,668 [INFO] from play.api.http.EnabledFilters in play-dev-mode-akka.actor.default-dispatcher-4 - Enabled Filters (see <https://www.playframework.com/documentation/latest/Filters>):


2018-04-23 10:02:15,674 [INFO] from play.api.Play in play-dev-mode-akka.actor.default-dispatcher-4 - Application started (Dev)
2018-04-23 10:07:06,763 [INFO] from application in application-akka.actor.default-dispatcher-12 - Shutting down connection pool.
2018-04-23 10:07:06,765 [INFO] from com.zaxxer.hikari.HikariDataSource in application-akka.actor.default-dispatcher-12 - HikariPool-1 - Shutdown initiated...
2018-04-23 10:07:06,777 [INFO] from com.zaxxer.hikari.HikariDataSource in application-akka.actor.default-dispatcher-12 - HikariPool-1 - Shutdown completed.
2018-04-23 10:07:06,854 [INFO] from application in play-dev-mode-akka.actor.default-dispatcher-9 - Creating Pool for datasource 'default'
2018-04-23 10:07:06,855 [INFO] from com.zaxxer.hikari.HikariDataSource in play-dev-mode-akka.actor.default-dispatcher-9 - HikariPool-2 - Starting...
2018-04-23 10:07:06,859 [INFO] from com.zaxxer.hikari.HikariDataSource in play-dev-mode-akka.actor.default-dispatcher-9 - HikariPool-2 - Start completed.
2018-04-23 10:07:06,860 [INFO] from play.api.db.DefaultDBApi in play-dev-mode-akka.actor.default-dispatcher-9 - Database [default] connected at jdbc:mysql://localhost:3306/BLS?characterEncoding=UTF8&useSSL=false
2018-04-23 10:07:06,950 [INFO] from akka.event.slf4j.Slf4jLogger in application-akka.actor.default-dispatcher-3 - Slf4jLogger started
2018-04-23 10:07:06,971 [INFO] from play.api.http.EnabledFilters in play-dev-mode-akka.actor.default-dispatcher-9 - Enabled Filters (see <https://www.playframework.com/documentation/latest/Filters>):


2018-04-23 10:07:06,972 [INFO] from play.api.Play in play-dev-mode-akka.actor.default-dispatcher-9 - Application started (Dev)
2018-04-23 10:08:09,289 [INFO] from application in application-akka.actor.default-dispatcher-11 - Shutting down connection pool.
2018-04-23 10:08:09,290 [INFO] from com.zaxxer.hikari.HikariDataSource in application-akka.actor.default-dispatcher-11 - HikariPool-2 - Shutdown initiated...
2018-04-23 10:08:09,295 [INFO] from com.zaxxer.hikari.HikariDataSource in application-akka.actor.default-dispatcher-11 - HikariPool-2 - Shutdown completed.
2018-04-23 10:08:09,351 [INFO] from application in play-dev-mode-akka.actor.default-dispatcher-13 - Creating Pool for datasource 'default'
2018-04-23 10:08:09,352 [INFO] from com.zaxxer.hikari.HikariDataSource in play-dev-mode-akka.actor.default-dispatcher-13 - HikariPool-3 - Starting...
2018-04-23 10:08:09,355 [INFO] from com.zaxxer.hikari.HikariDataSource in play-dev-mode-akka.actor.default-dispatcher-13 - HikariPool-3 - Start completed.
2018-04-23 10:08:09,356 [INFO] from play.api.db.DefaultDBApi in play-dev-mode-akka.actor.default-dispatcher-13 - Database [default] connected at jdbc:mysql://localhost:3306/BLS?characterEncoding=UTF8&useSSL=false
2018-04-23 10:08:09,444 [INFO] from akka.event.slf4j.Slf4jLogger in application-akka.actor.default-dispatcher-2 - Slf4jLogger started
2018-04-23 10:08:09,466 [INFO] from play.api.http.EnabledFilters in play-dev-mode-akka.actor.default-dispatcher-13 - Enabled Filters (see <https://www.playframework.com/documentation/latest/Filters>):


2018-04-23 10:08:09,467 [INFO] from play.api.Play in play-dev-mode-akka.actor.default-dispatcher-13 - Application started (Dev)
2018-04-23 10:11:53,461 [INFO] from application in application-akka.actor.default-dispatcher-11 - Shutting down connection pool.
2018-04-23 10:11:53,461 [INFO] from com.zaxxer.hikari.HikariDataSource in application-akka.actor.default-dispatcher-11 - HikariPool-3 - Shutdown initiated...
2018-04-23 10:11:53,464 [INFO] from com.zaxxer.hikari.HikariDataSource in application-akka.actor.default-dispatcher-11 - HikariPool-3 - Shutdown completed.
2018-04-23 10:11:53,529 [INFO] from application in play-dev-mode-akka.actor.default-dispatcher-35 - Creating Pool for datasource 'default'
2018-04-23 10:11:53,530 [INFO] from com.zaxxer.hikari.HikariDataSource in play-dev-mode-akka.actor.default-dispatcher-35 - HikariPool-4 - Starting...
2018-04-23 10:11:53,533 [INFO] from com.zaxxer.hikari.HikariDataSource in play-dev-mode-akka.actor.default-dispatcher-35 - HikariPool-4 - Start completed.
2018-04-23 10:11:53,534 [INFO] from play.api.db.DefaultDBApi in play-dev-mode-akka.actor.default-dispatcher-35 - Database [default] connected at jdbc:mysql://localhost:3306/BLS?characterEncoding=UTF8&useSSL=false
2018-04-23 10:11:53,616 [INFO] from akka.event.slf4j.Slf4jLogger in application-akka.actor.default-dispatcher-2 - Slf4jLogger started
2018-04-23 10:11:53,633 [INFO] from play.api.http.EnabledFilters in play-dev-mode-akka.actor.default-dispatcher-35 - Enabled Filters (see <https://www.playframework.com/documentation/latest/Filters>):


2018-04-23 10:11:53,634 [INFO] from play.api.Play in play-dev-mode-akka.actor.default-dispatcher-35 - Application started (Dev)
2018-04-23 10:12:46,064 [INFO] from application in application-akka.actor.default-dispatcher-12 - Shutting down connection pool.
2018-04-23 10:12:46,064 [INFO] from com.zaxxer.hikari.HikariDataSource in application-akka.actor.default-dispatcher-12 - HikariPool-4 - Shutdown initiated...
2018-04-23 10:12:46,067 [INFO] from com.zaxxer.hikari.HikariDataSource in application-akka.actor.default-dispatcher-12 - HikariPool-4 - Shutdown completed.
2018-04-23 10:12:46,125 [INFO] from application in play-dev-mode-akka.actor.default-dispatcher-7 - Creating Pool for datasource 'default'
2018-04-23 10:12:46,126 [INFO] from com.zaxxer.hikari.HikariDataSource in play-dev-mode-akka.actor.default-dispatcher-7 - HikariPool-5 - Starting...
2018-04-23 10:12:46,134 [INFO] from com.zaxxer.hikari.HikariDataSource in play-dev-mode-akka.actor.default-dispatcher-7 - HikariPool-5 - Start completed.
2018-04-23 10:12:46,135 [INFO] from play.api.db.DefaultDBApi in play-dev-mode-akka.actor.default-dispatcher-7 - Database [default] connected at jdbc:mysql://localhost:3306/BLS?characterEncoding=UTF8&useSSL=false
2018-04-23 10:12:46,210 [INFO] from akka.event.slf4j.Slf4jLogger in application-akka.actor.default-dispatcher-3 - Slf4jLogger started
2018-04-23 10:12:46,225 [INFO] from play.api.http.EnabledFilters in play-dev-mode-akka.actor.default-dispatcher-7 - Enabled Filters (see <https://www.playframework.com/documentation/latest/Filters>):


2018-04-23 10:12:46,226 [INFO] from play.api.Play in play-dev-mode-akka.actor.default-dispatcher-7 - Application started (Dev)
2018-04-23 10:31:19,837 [INFO] from application in application-akka.actor.default-dispatcher-62 - Shutting down connection pool.
2018-04-23 10:31:19,838 [INFO] from com.zaxxer.hikari.HikariDataSource in application-akka.actor.default-dispatcher-62 - HikariPool-5 - Shutdown initiated...
2018-04-23 10:31:19,840 [INFO] from com.zaxxer.hikari.HikariDataSource in application-akka.actor.default-dispatcher-62 - HikariPool-5 - Shutdown completed.
2018-04-23 10:31:19,909 [INFO] from application in play-dev-mode-akka.actor.default-dispatcher-7 - Creating Pool for datasource 'default'
2018-04-23 10:31:19,909 [INFO] from com.zaxxer.hikari.HikariDataSource in play-dev-mode-akka.actor.default-dispatcher-7 - HikariPool-6 - Starting...
2018-04-23 10:31:19,913 [INFO] from com.zaxxer.hikari.HikariDataSource in play-dev-mode-akka.actor.default-dispatcher-7 - HikariPool-6 - Start completed.
2018-04-23 10:31:19,913 [INFO] from play.api.db.DefaultDBApi in play-dev-mode-akka.actor.default-dispatcher-7 - Database [default] connected at jdbc:mysql://localhost:3306/BLS?characterEncoding=UTF8&useSSL=false
2018-04-23 10:31:19,996 [INFO] from akka.event.slf4j.Slf4jLogger in application-akka.actor.default-dispatcher-2 - Slf4jLogger started
2018-04-23 10:31:20,010 [INFO] from play.api.http.EnabledFilters in play-dev-mode-akka.actor.default-dispatcher-7 - Enabled Filters (see <https://www.playframework.com/documentation/latest/Filters>):


2018-04-23 10:31:20,010 [INFO] from play.api.Play in play-dev-mode-akka.actor.default-dispatcher-7 - Application started (Dev)
2018-04-23 10:33:07,293 [INFO] from application in application-akka.actor.default-dispatcher-4 - Shutting down connection pool.
2018-04-23 10:33:07,294 [INFO] from com.zaxxer.hikari.HikariDataSource in application-akka.actor.default-dispatcher-4 - HikariPool-6 - Shutdown initiated...
2018-04-23 10:33:07,298 [INFO] from com.zaxxer.hikari.HikariDataSource in application-akka.actor.default-dispatcher-4 - HikariPool-6 - Shutdown completed.
2018-04-23 10:33:07,350 [INFO] from application in play-dev-mode-akka.actor.default-dispatcher-80 - Creating Pool for datasource 'default'
2018-04-23 10:33:07,351 [INFO] from com.zaxxer.hikari.HikariDataSource in play-dev-mode-akka.actor.default-dispatcher-80 - HikariPool-7 - Starting...
2018-04-23 10:33:07,354 [INFO] from com.zaxxer.hikari.HikariDataSource in play-dev-mode-akka.actor.default-dispatcher-80 - HikariPool-7 - Start completed.
2018-04-23 10:33:07,354 [INFO] from play.api.db.DefaultDBApi in play-dev-mode-akka.actor.default-dispatcher-80 - Database [default] connected at jdbc:mysql://localhost:3306/BLS?characterEncoding=UTF8&useSSL=false
2018-04-23 10:33:07,438 [INFO] from akka.event.slf4j.Slf4jLogger in application-akka.actor.default-dispatcher-4 - Slf4jLogger started
2018-04-23 10:33:07,456 [INFO] from play.api.http.EnabledFilters in play-dev-mode-akka.actor.default-dispatcher-80 - Enabled Filters (see <https://www.playframework.com/documentation/latest/Filters>):


2018-04-23 10:33:07,457 [INFO] from play.api.Play in play-dev-mode-akka.actor.default-dispatcher-80 - Application started (Dev)
